<?xml version="1.0" encoding="UTF-8"?>
<!-- Generated by org.testng.reporters.JUnitXMLReporter -->
<testsuite ignored="0" hostname="RASHED" failures="10" tests="10" name="Default test(failed)" time="0.049" errors="0" timestamp="2023-07-10T13:42:03 CDT">
  <testcase classname="testngsessions.InvocationCountTest" name="searchTest" time="0.006">
    <failure type="org.testng.TestException" message="
Method InvocationCountTest.searchTest()[pri:1, instance:testngsessions.InvocationCountTest@37858383] should have thrown an exception of type class java.lang.Exception">
      <![CDATA[org.testng.TestException: 
Method InvocationCountTest.searchTest()[pri:1, instance:testngsessions.InvocationCountTest@37858383] should have thrown an exception of type class java.lang.Exception
at java.base/java.util.ArrayList.forEach(ArrayList.java:1511)
... Removed 24 stack frames]]>
    </failure>
  </testcase> <!-- searchTest -->
  <testcase classname="testngsessions.InvocationCountTest" name="searchTest" time="0.001">
    <failure type="org.testng.TestException" message="
Method InvocationCountTest.searchTest()[pri:1, instance:testngsessions.InvocationCountTest@37858383] should have thrown an exception of type class java.lang.Exception">
      <![CDATA[org.testng.TestException: 
Method InvocationCountTest.searchTest()[pri:1, instance:testngsessions.InvocationCountTest@37858383] should have thrown an exception of type class java.lang.Exception
at java.base/java.util.ArrayList.forEach(ArrayList.java:1511)
... Removed 24 stack frames]]>
    </failure>
  </testcase> <!-- searchTest -->
  <testcase classname="testngsessions.InvocationCountTest" name="searchTest" time="0.0">
    <failure type="org.testng.TestException" message="
Method InvocationCountTest.searchTest()[pri:1, instance:testngsessions.InvocationCountTest@37858383] should have thrown an exception of type class java.lang.Exception">
      <![CDATA[org.testng.TestException: 
Method InvocationCountTest.searchTest()[pri:1, instance:testngsessions.InvocationCountTest@37858383] should have thrown an exception of type class java.lang.Exception
at java.base/java.util.ArrayList.forEach(ArrayList.java:1511)
... Removed 24 stack frames]]>
    </failure>
  </testcase> <!-- searchTest -->
  <testcase classname="testngsessions.InvocationCountTest" name="searchTest" time="0.0">
    <failure type="org.testng.TestException" message="
Method InvocationCountTest.searchTest()[pri:1, instance:testngsessions.InvocationCountTest@37858383] should have thrown an exception of type class java.lang.Exception">
      <![CDATA[org.testng.TestException: 
Method InvocationCountTest.searchTest()[pri:1, instance:testngsessions.InvocationCountTest@37858383] should have thrown an exception of type class java.lang.Exception
at java.base/java.util.ArrayList.forEach(ArrayList.java:1511)
... Removed 24 stack frames]]>
    </failure>
  </testcase> <!-- searchTest -->
  <testcase classname="testngsessions.InvocationCountTest" name="searchTest" time="0.001">
    <failure type="org.testng.TestException" message="
Method InvocationCountTest.searchTest()[pri:1, instance:testngsessions.InvocationCountTest@37858383] should have thrown an exception of type class java.lang.Exception">
      <![CDATA[org.testng.TestException: 
Method InvocationCountTest.searchTest()[pri:1, instance:testngsessions.InvocationCountTest@37858383] should have thrown an exception of type class java.lang.Exception
at java.base/java.util.ArrayList.forEach(ArrayList.java:1511)
... Removed 24 stack frames]]>
    </failure>
  </testcase> <!-- searchTest -->
  <testcase classname="testngsessions.InvocationCountTest" name="searchTest" time="0.001">
    <failure type="org.testng.TestException" message="
Method InvocationCountTest.searchTest()[pri:1, instance:testngsessions.InvocationCountTest@37858383] should have thrown an exception of type class java.lang.Exception">
      <![CDATA[org.testng.TestException: 
Method InvocationCountTest.searchTest()[pri:1, instance:testngsessions.InvocationCountTest@37858383] should have thrown an exception of type class java.lang.Exception
at java.base/java.util.ArrayList.forEach(ArrayList.java:1511)
... Removed 24 stack frames]]>
    </failure>
  </testcase> <!-- searchTest -->
  <testcase classname="testngsessions.InvocationCountTest" name="searchTest" time="0.001">
    <failure type="org.testng.TestException" message="
Method InvocationCountTest.searchTest()[pri:1, instance:testngsessions.InvocationCountTest@37858383] should have thrown an exception of type class java.lang.Exception">
      <![CDATA[org.testng.TestException: 
Method InvocationCountTest.searchTest()[pri:1, instance:testngsessions.InvocationCountTest@37858383] should have thrown an exception of type class java.lang.Exception
at java.base/java.util.ArrayList.forEach(ArrayList.java:1511)
... Removed 24 stack frames]]>
    </failure>
  </testcase> <!-- searchTest -->
  <testcase classname="testngsessions.InvocationCountTest" name="searchTest" time="0.0">
    <failure type="org.testng.TestException" message="
Method InvocationCountTest.searchTest()[pri:1, instance:testngsessions.InvocationCountTest@37858383] should have thrown an exception of type class java.lang.Exception">
      <![CDATA[org.testng.TestException: 
Method InvocationCountTest.searchTest()[pri:1, instance:testngsessions.InvocationCountTest@37858383] should have thrown an exception of type class java.lang.Exception
at java.base/java.util.ArrayList.forEach(ArrayList.java:1511)
... Removed 24 stack frames]]>
    </failure>
  </testcase> <!-- searchTest -->
  <testcase classname="testngsessions.InvocationCountTest" name="searchTest" time="0.001">
    <failure type="org.testng.TestException" message="
Method InvocationCountTest.searchTest()[pri:1, instance:testngsessions.InvocationCountTest@37858383] should have thrown an exception of type class java.lang.Exception">
      <![CDATA[org.testng.TestException: 
Method InvocationCountTest.searchTest()[pri:1, instance:testngsessions.InvocationCountTest@37858383] should have thrown an exception of type class java.lang.Exception
at java.base/java.util.ArrayList.forEach(ArrayList.java:1511)
... Removed 24 stack frames]]>
    </failure>
  </testcase> <!-- searchTest -->
  <testcase classname="testngsessions.InvocationCountTest" name="searchTest" time="0.001">
    <failure type="org.testng.TestException" message="
Method InvocationCountTest.searchTest()[pri:1, instance:testngsessions.InvocationCountTest@37858383] should have thrown an exception of type class java.lang.Exception">
      <![CDATA[org.testng.TestException: 
Method InvocationCountTest.searchTest()[pri:1, instance:testngsessions.InvocationCountTest@37858383] should have thrown an exception of type class java.lang.Exception
at java.base/java.util.ArrayList.forEach(ArrayList.java:1511)
... Removed 24 stack frames]]>
    </failure>
  </testcase> <!-- searchTest -->
</testsuite> <!-- Default test(failed) -->
